[INFO ] 2018-08-21 17:00:33.216 [main] AppTest - Starting AppTest on STA6400081 with PID 6272 (started by 34011-55-04 in C:\data\23-DeveloppementSpringBoot\23-01-GestionDUtilisateurs-SpringBoot\GestionDUtilisateurs-02\GestionDUtilisateurs-02-persistence)
[DEBUG] 2018-08-21 17:00:33.216 [main] AppTest - Running with Spring Boot v2.0.4.RELEASE, Spring v5.0.8.RELEASE
[INFO ] 2018-08-21 17:00:33.216 [main] AppTest - No active profile set, falling back to default profiles: default
[INFO ] 2018-08-21 17:01:47.363 [main] AppTest - Starting AppTest on STA6400081 with PID 4820 (started by 34011-55-04 in C:\data\23-DeveloppementSpringBoot\23-01-GestionDUtilisateurs-SpringBoot\GestionDUtilisateurs-02\GestionDUtilisateurs-02-persistence)
[DEBUG] 2018-08-21 17:01:47.363 [main] AppTest - Running with Spring Boot v2.0.4.RELEASE, Spring v5.0.8.RELEASE
[INFO ] 2018-08-21 17:01:47.363 [main] AppTest - No active profile set, falling back to default profiles: default
[INFO ] 2018-08-21 17:01:50.233 [main] AppTest - Started AppTest in 3.135 seconds (JVM running for 3.871)
[INFO ] 2018-08-22 10:35:28.086 [main] AppTest - Starting AppTest on STA6400081 with PID 2288 (started by 34011-55-04 in C:\data\23-DeveloppementSpringBoot\23-01-GestionDUtilisateurs-SpringBoot\GestionDUtilisateurs-02\GestionDUtilisateurs-02-persistence)
[DEBUG] 2018-08-22 10:35:28.120 [main] AppTest - Running with Spring Boot v2.0.4.RELEASE, Spring v5.0.8.RELEASE
[INFO ] 2018-08-22 10:35:28.121 [main] AppTest - No active profile set, falling back to default profiles: default
[INFO ] 2018-08-22 10:35:34.769 [main] AppTest - Started AppTest in 7.545 seconds (JVM running for 8.645)
[INFO ] 2018-08-22 11:08:44.269 [main] AppTest - Starting AppTest on STA6400081 with PID 5716 (started by 34011-55-04 in C:\data\23-DeveloppementSpringBoot\23-01-GestionDUtilisateurs-SpringBoot\GestionDUtilisateurs-02\GestionDUtilisateurs-02-persistence)
[DEBUG] 2018-08-22 11:08:44.274 [main] AppTest - Running with Spring Boot v2.0.4.RELEASE, Spring v5.0.8.RELEASE
[INFO ] 2018-08-22 11:08:44.275 [main] AppTest - No active profile set, falling back to default profiles: default
[INFO ] 2018-08-22 11:08:47.163 [main] AppTest - Started AppTest in 3.225 seconds (JVM running for 3.947)
[INFO ] 2018-08-22 11:14:37.532 [main] AppTest - Starting AppTest on STA6400081 with PID 5440 (started by 34011-55-04 in C:\data\23-DeveloppementSpringBoot\23-01-GestionDUtilisateurs-SpringBoot\GestionDUtilisateurs-02\GestionDUtilisateurs-02-persistence)
[DEBUG] 2018-08-22 11:14:37.537 [main] AppTest - Running with Spring Boot v2.0.4.RELEASE, Spring v5.0.8.RELEASE
[INFO ] 2018-08-22 11:14:37.538 [main] AppTest - No active profile set, falling back to default profiles: default
[INFO ] 2018-08-22 11:14:40.421 [main] AppTest - Started AppTest in 3.163 seconds (JVM running for 3.887)
[INFO ] 2018-08-22 14:04:08.923 [main] AppTest - Starting AppTest on STA6400081 with PID 2944 (started by 34011-55-04 in C:\data\24-DeveloppementSpringData\24-01-GestionDUtilisateurs-SpringData\GestionDUtilisateurs-02\GestionDUtilisateurs-02-persistence)
[DEBUG] 2018-08-22 14:04:08.930 [main] AppTest - Running with Spring Boot v2.0.4.RELEASE, Spring v5.0.8.RELEASE
[INFO ] 2018-08-22 14:04:08.930 [main] AppTest - No active profile set, falling back to default profiles: default
[INFO ] 2018-08-22 14:10:35.812 [main] AppTest - Starting AppTest on STA6400081 with PID 3016 (started by 34011-55-04 in C:\data\24-DeveloppementSpringData\24-01-GestionDUtilisateurs-SpringData\GestionDUtilisateurs-02\GestionDUtilisateurs-02-persistence)
[DEBUG] 2018-08-22 14:10:35.818 [main] AppTest - Running with Spring Boot v2.0.4.RELEASE, Spring v5.0.8.RELEASE
[INFO ] 2018-08-22 14:10:35.818 [main] AppTest - No active profile set, falling back to default profiles: default
[INFO ] 2018-08-22 14:22:30.125 [main] AppTest - Starting AppTest on STA6400081 with PID 4288 (started by 34011-55-04 in C:\data\24-DeveloppementSpringData\24-01-GestionDUtilisateurs-SpringData\GestionDUtilisateurs-02\GestionDUtilisateurs-02-persistence)
[DEBUG] 2018-08-22 14:22:30.131 [main] AppTest - Running with Spring Boot v2.0.4.RELEASE, Spring v5.0.8.RELEASE
[INFO ] 2018-08-22 14:22:30.133 [main] AppTest - No active profile set, falling back to default profiles: default
[INFO ] 2018-08-22 14:26:48.520 [main] AppTest - Starting AppTest on STA6400081 with PID 4804 (started by 34011-55-04 in C:\data\24-DeveloppementSpringData\24-01-GestionDUtilisateurs-SpringData\GestionDUtilisateurs-02\GestionDUtilisateurs-02-persistence)
[DEBUG] 2018-08-22 14:26:48.525 [main] AppTest - Running with Spring Boot v2.0.4.RELEASE, Spring v5.0.8.RELEASE
[INFO ] 2018-08-22 14:26:48.525 [main] AppTest - No active profile set, falling back to default profiles: default
[INFO ] 2018-08-22 14:30:10.254 [main] AppTest - Starting AppTest on STA6400081 with PID 2484 (started by 34011-55-04 in C:\data\24-DeveloppementSpringData\24-01-GestionDUtilisateurs-SpringData\GestionDUtilisateurs-02\GestionDUtilisateurs-02-persistence)
[DEBUG] 2018-08-22 14:30:10.259 [main] AppTest - Running with Spring Boot v2.0.4.RELEASE, Spring v5.0.8.RELEASE
[INFO ] 2018-08-22 14:30:10.260 [main] AppTest - No active profile set, falling back to default profiles: default
[INFO ] 2018-08-22 14:30:13.741 [main] AppTest - Started AppTest in 3.82 seconds (JVM running for 4.562)
[INFO ] 2018-08-22 15:26:32.769 [main] AppTest - Starting AppTest on STA6400081 with PID 3900 (started by 34011-55-04 in C:\data\24-DeveloppementSpringData\24-01-GestionDUtilisateurs-SpringData\GestionDUtilisateurs-02\GestionDUtilisateurs-02-persistence)
[DEBUG] 2018-08-22 15:26:32.774 [main] AppTest - Running with Spring Boot v2.0.4.RELEASE, Spring v5.0.8.RELEASE
[INFO ] 2018-08-22 15:26:32.774 [main] AppTest - No active profile set, falling back to default profiles: default
[INFO ] 2018-08-22 15:26:36.350 [main] AppTest - Started AppTest in 3.889 seconds (JVM running for 4.648)
