[Opened C:\software\Java\jdk1.8.0_181\jre\lib\rt.jar]
[Loaded java.lang.Object from C:\software\Java\jdk1.8.0_181\jre\lib\rt.jar]
[Loaded java.io.Serializable from C:\software\Java\jdk1.8.0_181\jre\lib\rt.jar]
[Loaded java.lang.Comparable from C:\software\Java\jdk1.8.0_181\jre\lib\rt.jar]
[Loaded java.lang.CharSequence from C:\software\Java\jdk1.8.0_181\jre\lib\rt.jar]
[Loaded java.lang.String from C:\software\Java\jdk1.8.0_181\jre\lib\rt.jar]
[Loaded java.lang.reflect.AnnotatedElement from C:\software\Java\jdk1.8.0_181\jre\lib\rt.jar]
[Loaded java.lang.reflect.GenericDeclaration from C:\software\Java\jdk1.8.0_181\jre\lib\rt.jar]
[Loaded java.lang.reflect.Type from C:\software\Java\jdk1.8.0_181\jre\lib\rt.jar]
[Loaded java.lang.Class from C:\software\Java\jdk1.8.0_181\jre\lib\rt.jar]
[Loaded java.lang.Cloneable from C:\software\Java\jdk1.8.0_181\jre\lib\rt.jar]
[Loaded java.lang.ClassLoader from C:\software\Java\jdk1.8.0_181\jre\lib\rt.jar]
[Loaded java.lang.System from C:\software\Java\jdk1.8.0_181\jre\lib\rt.jar]
[Loaded java.lang.Throwable from C:\software\Java\jdk1.8.0_181\jre\lib\rt.jar]
[Loaded java.lang.Error from C:\software\Java\jdk1.8.0_181\jre\lib\rt.jar]
[Loaded java.lang.ThreadDeath from C:\software\Java\jdk1.8.0_181\jre\lib\rt.jar]
[Loaded java.lang.Exception from C:\software\Java\jdk1.8.0_181\jre\lib\rt.jar]
[Loaded java.lang.RuntimeException from C:\software\Java\jdk1.8.0_181\jre\lib\rt.jar]
[Loaded java.lang.SecurityManager from C:\software\Java\jdk1.8.0_181\jre\lib\rt.jar]
[Loaded java.security.ProtectionDomain from C:\software\Java\jdk1.8.0_181\jre\lib\rt.jar]
[Loaded java.security.AccessControlContext from C:\software\Java\jdk1.8.0_181\jre\lib\rt.jar]
[Loaded java.security.SecureClassLoader from C:\software\Java\jdk1.8.0_181\jre\lib\rt.jar]
[Loaded java.lang.ReflectiveOperationException from C:\software\Java\jdk1.8.0_181\jre\lib\rt.jar]
[Loaded java.lang.ClassNotFoundException from C:\software\Java\jdk1.8.0_181\jre\lib\rt.jar]
[Loaded java.lang.LinkageError from C:\software\Java\jdk1.8.0_181\jre\lib\rt.jar]
[Loaded java.lang.NoClassDefFoundError from C:\software\Java\jdk1.8.0_181\jre\lib\rt.jar]
[Loaded java.lang.ClassCastException from C:\software\Java\jdk1.8.0_181\jre\lib\rt.jar]
[Loaded java.lang.ArrayStoreException from C:\software\Java\jdk1.8.0_181\jre\lib\rt.jar]
[Loaded java.lang.VirtualMachineError from C:\software\Java\jdk1.8.0_181\jre\lib\rt.jar]
[Loaded java.lang.OutOfMemoryError from C:\software\Java\jdk1.8.0_181\jre\lib\rt.jar]
[Loaded java.lang.StackOverflowError from C:\software\Java\jdk1.8.0_181\jre\lib\rt.jar]
[Loaded java.lang.IllegalMonitorStateException from C:\software\Java\jdk1.8.0_181\jre\lib\rt.jar]
[Loaded java.lang.ref.Reference from C:\software\Java\jdk1.8.0_181\jre\lib\rt.jar]
[Loaded java.lang.ref.SoftReference from C:\software\Java\jdk1.8.0_181\jre\lib\rt.jar]
[Loaded java.lang.ref.WeakReference from C:\software\Java\jdk1.8.0_181\jre\lib\rt.jar]
[Loaded java.lang.ref.FinalReference from C:\software\Java\jdk1.8.0_181\jre\lib\rt.jar]
[Loaded java.lang.ref.PhantomReference from C:\software\Java\jdk1.8.0_181\jre\lib\rt.jar]
[Loaded sun.misc.Cleaner from C:\software\Java\jdk1.8.0_181\jre\lib\rt.jar]
[Loaded java.lang.ref.Finalizer from C:\software\Java\jdk1.8.0_181\jre\lib\rt.jar]
[Loaded java.lang.ref.ReferenceQueue from C:\software\Java\jdk1.8.0_181\jre\lib\rt.jar]
[Loaded java.lang.Runnable from C:\software\Java\jdk1.8.0_181\jre\lib\rt.jar]
[Loaded java.lang.Thread from C:\software\Java\jdk1.8.0_181\jre\lib\rt.jar]
[Loaded java.lang.Thread$UncaughtExceptionHandler from C:\software\Java\jdk1.8.0_181\jre\lib\rt.jar]
[Loaded java.lang.ThreadGroup from C:\software\Java\jdk1.8.0_181\jre\lib\rt.jar]
[Loaded java.util.Map from C:\software\Java\jdk1.8.0_181\jre\lib\rt.jar]
[Loaded java.util.Dictionary from C:\software\Java\jdk1.8.0_181\jre\lib\rt.jar]
[Loaded java.util.Hashtable from C:\software\Java\jdk1.8.0_181\jre\lib\rt.jar]
[Loaded java.util.Properties from C:\software\Java\jdk1.8.0_181\jre\lib\rt.jar]
[Loaded java.lang.reflect.AccessibleObject from C:\software\Java\jdk1.8.0_181\jre\lib\rt.jar]
[Loaded java.lang.reflect.Member from C:\software\Java\jdk1.8.0_181\jre\lib\rt.jar]
[Loaded java.lang.reflect.Field from C:\software\Java\jdk1.8.0_181\jre\lib\rt.jar]
[Loaded java.lang.reflect.Parameter from C:\software\Java\jdk1.8.0_181\jre\lib\rt.jar]
[Loaded java.lang.reflect.Executable from C:\software\Java\jdk1.8.0_181\jre\lib\rt.jar]
[Loaded java.lang.reflect.Method from C:\software\Java\jdk1.8.0_181\jre\lib\rt.jar]
[Loaded java.lang.reflect.Constructor from C:\software\Java\jdk1.8.0_181\jre\lib\rt.jar]
[Loaded sun.reflect.MagicAccessorImpl from C:\software\Java\jdk1.8.0_181\jre\lib\rt.jar]
[Loaded sun.reflect.MethodAccessor from C:\software\Java\jdk1.8.0_181\jre\lib\rt.jar]
[Loaded sun.reflect.MethodAccessorImpl from C:\software\Java\jdk1.8.0_181\jre\lib\rt.jar]
[Loaded sun.reflect.ConstructorAccessor from C:\software\Java\jdk1.8.0_181\jre\lib\rt.jar]
[Loaded sun.reflect.ConstructorAccessorImpl from C:\software\Java\jdk1.8.0_181\jre\lib\rt.jar]
[Loaded sun.reflect.DelegatingClassLoader from C:\software\Java\jdk1.8.0_181\jre\lib\rt.jar]
[Loaded sun.reflect.ConstantPool from C:\software\Java\jdk1.8.0_181\jre\lib\rt.jar]
[Loaded sun.reflect.FieldAccessor from C:\software\Java\jdk1.8.0_181\jre\lib\rt.jar]
[Loaded sun.reflect.FieldAccessorImpl from C:\software\Java\jdk1.8.0_181\jre\lib\rt.jar]
[Loaded sun.reflect.UnsafeFieldAccessorImpl from C:\software\Java\jdk1.8.0_181\jre\lib\rt.jar]
[Loaded sun.reflect.UnsafeStaticFieldAccessorImpl from C:\software\Java\jdk1.8.0_181\jre\lib\rt.jar]
[Loaded java.lang.annotation.Annotation from C:\software\Java\jdk1.8.0_181\jre\lib\rt.jar]
[Loaded sun.reflect.CallerSensitive from C:\software\Java\jdk1.8.0_181\jre\lib\rt.jar]
[Loaded java.lang.invoke.MethodHandle from C:\software\Java\jdk1.8.0_181\jre\lib\rt.jar]
[Loaded java.lang.invoke.DirectMethodHandle from C:\software\Java\jdk1.8.0_181\jre\lib\rt.jar]
[Loaded java.lang.invoke.MemberName from C:\software\Java\jdk1.8.0_181\jre\lib\rt.jar]
[Loaded java.lang.invoke.MethodHandleNatives from C:\software\Java\jdk1.8.0_181\jre\lib\rt.jar]
[Loaded java.lang.invoke.LambdaForm from C:\software\Java\jdk1.8.0_181\jre\lib\rt.jar]
[Loaded java.lang.invoke.MethodType from C:\software\Java\jdk1.8.0_181\jre\lib\rt.jar]
[Loaded java.lang.BootstrapMethodError from C:\software\Java\jdk1.8.0_181\jre\lib\rt.jar]
[Loaded java.lang.invoke.CallSite from C:\software\Java\jdk1.8.0_181\jre\lib\rt.jar]
[Loaded java.lang.invoke.ConstantCallSite from C:\software\Java\jdk1.8.0_181\jre\lib\rt.jar]
[Loaded java.lang.invoke.MutableCallSite from C:\software\Java\jdk1.8.0_181\jre\lib\rt.jar]
[Loaded java.lang.invoke.VolatileCallSite from C:\software\Java\jdk1.8.0_181\jre\lib\rt.jar]
[Loaded java.lang.Appendable from C:\software\Java\jdk1.8.0_181\jre\lib\rt.jar]
[Loaded java.lang.AbstractStringBuilder from C:\software\Java\jdk1.8.0_181\jre\lib\rt.jar]
[Loaded java.lang.StringBuffer from C:\software\Java\jdk1.8.0_181\jre\lib\rt.jar]
[Loaded java.lang.StringBuilder from C:\software\Java\jdk1.8.0_181\jre\lib\rt.jar]
[Loaded sun.misc.Unsafe from C:\software\Java\jdk1.8.0_181\jre\lib\rt.jar]
[Loaded java.lang.AutoCloseable from C:\software\Java\jdk1.8.0_181\jre\lib\rt.jar]
[Loaded java.io.Closeable from C:\software\Java\jdk1.8.0_181\jre\lib\rt.jar]
[Loaded java.io.InputStream from C:\software\Java\jdk1.8.0_181\jre\lib\rt.jar]
[Loaded java.io.ByteArrayInputStream from C:\software\Java\jdk1.8.0_181\jre\lib\rt.jar]
[Loaded java.io.File from C:\software\Java\jdk1.8.0_181\jre\lib\rt.jar]
[Loaded java.net.URLClassLoader from C:\software\Java\jdk1.8.0_181\jre\lib\rt.jar]
[Loaded java.net.URL from C:\software\Java\jdk1.8.0_181\jre\lib\rt.jar]
[Loaded java.util.jar.Manifest from C:\software\Java\jdk1.8.0_181\jre\lib\rt.jar]
[Loaded sun.misc.Launcher from C:\software\Java\jdk1.8.0_181\jre\lib\rt.jar]
[Loaded sun.misc.Launcher$AppClassLoader from C:\software\Java\jdk1.8.0_181\jre\lib\rt.jar]
[Loaded sun.misc.Launcher$ExtClassLoader from C:\software\Java\jdk1.8.0_181\jre\lib\rt.jar]
[Loaded java.security.CodeSource from C:\software\Java\jdk1.8.0_181\jre\lib\rt.jar]
[Loaded java.lang.StackTraceElement from C:\software\Java\jdk1.8.0_181\jre\lib\rt.jar]
[Loaded java.nio.Buffer from C:\software\Java\jdk1.8.0_181\jre\lib\rt.jar]
[Loaded java.lang.Boolean from C:\software\Java\jdk1.8.0_181\jre\lib\rt.jar]
[Loaded java.lang.Character from C:\software\Java\jdk1.8.0_181\jre\lib\rt.jar]
[Loaded java.lang.Number from C:\software\Java\jdk1.8.0_181\jre\lib\rt.jar]
[Loaded java.lang.Float from C:\software\Java\jdk1.8.0_181\jre\lib\rt.jar]
[Loaded java.lang.Double from C:\software\Java\jdk1.8.0_181\jre\lib\rt.jar]
[Loaded java.lang.Byte from C:\software\Java\jdk1.8.0_181\jre\lib\rt.jar]
[Loaded java.lang.Short from C:\software\Java\jdk1.8.0_181\jre\lib\rt.jar]
[Loaded java.lang.Integer from C:\software\Java\jdk1.8.0_181\jre\lib\rt.jar]
[Loaded java.lang.Long from C:\software\Java\jdk1.8.0_181\jre\lib\rt.jar]
[Loaded java.lang.NullPointerException from C:\software\Java\jdk1.8.0_181\jre\lib\rt.jar]
[Loaded java.lang.ArithmeticException from C:\software\Java\jdk1.8.0_181\jre\lib\rt.jar]
[Loaded java.io.ObjectStreamField from C:\software\Java\jdk1.8.0_181\jre\lib\rt.jar]
[Loaded java.util.Comparator from C:\software\Java\jdk1.8.0_181\jre\lib\rt.jar]
[Loaded java.lang.String$CaseInsensitiveComparator from C:\software\Java\jdk1.8.0_181\jre\lib\rt.jar]
[Loaded java.security.Guard from C:\software\Java\jdk1.8.0_181\jre\lib\rt.jar]
[Loaded java.security.Permission from C:\software\Java\jdk1.8.0_181\jre\lib\rt.jar]
[Loaded java.security.BasicPermission from C:\software\Java\jdk1.8.0_181\jre\lib\rt.jar]
[Loaded java.lang.RuntimePermission from C:\software\Java\jdk1.8.0_181\jre\lib\rt.jar]
[Loaded java.security.AccessController from C:\software\Java\jdk1.8.0_181\jre\lib\rt.jar]
[Loaded java.lang.reflect.ReflectPermission from C:\software\Java\jdk1.8.0_181\jre\lib\rt.jar]
[Loaded java.security.PrivilegedAction from C:\software\Java\jdk1.8.0_181\jre\lib\rt.jar]
[Loaded sun.reflect.ReflectionFactory$GetReflectionFactoryAction from C:\software\Java\jdk1.8.0_181\jre\lib\rt.jar]
[Loaded java.security.cert.Certificate from C:\software\Java\jdk1.8.0_181\jre\lib\rt.jar]
[Loaded java.lang.Iterable from C:\software\Java\jdk1.8.0_181\jre\lib\rt.jar]
[Loaded java.util.Collection from C:\software\Java\jdk1.8.0_181\jre\lib\rt.jar]
[Loaded java.util.List from C:\software\Java\jdk1.8.0_181\jre\lib\rt.jar]
[Loaded java.util.RandomAccess from C:\software\Java\jdk1.8.0_181\jre\lib\rt.jar]
[Loaded java.util.AbstractCollection from C:\software\Java\jdk1.8.0_181\jre\lib\rt.jar]
[Loaded java.util.AbstractList from C:\software\Java\jdk1.8.0_181\jre\lib\rt.jar]
[Loaded java.util.Vector from C:\software\Java\jdk1.8.0_181\jre\lib\rt.jar]
[Loaded java.util.Stack from C:\software\Java\jdk1.8.0_181\jre\lib\rt.jar]
[Loaded sun.reflect.ReflectionFactory from C:\software\Java\jdk1.8.0_181\jre\lib\rt.jar]
[Loaded java.lang.ref.Reference$Lock from C:\software\Java\jdk1.8.0_181\jre\lib\rt.jar]
[Loaded java.lang.ref.Reference$ReferenceHandler from C:\software\Java\jdk1.8.0_181\jre\lib\rt.jar]
[Loaded java.lang.InterruptedException from C:\software\Java\jdk1.8.0_181\jre\lib\rt.jar]
[Loaded java.util.ArrayList from C:\software\Java\jdk1.8.0_181\jre\lib\rt.jar]
[Loaded java.util.Collections from C:\software\Java\jdk1.8.0_181\jre\lib\rt.jar]
[Loaded java.util.Set from C:\software\Java\jdk1.8.0_181\jre\lib\rt.jar]
[Loaded java.util.AbstractSet from C:\software\Java\jdk1.8.0_181\jre\lib\rt.jar]
[Loaded java.util.Collections$EmptySet from C:\software\Java\jdk1.8.0_181\jre\lib\rt.jar]
[Loaded java.util.Collections$EmptyList from C:\software\Java\jdk1.8.0_181\jre\lib\rt.jar]
[Loaded java.util.AbstractMap from C:\software\Java\jdk1.8.0_181\jre\lib\rt.jar]
[Loaded java.util.Collections$EmptyMap from C:\software\Java\jdk1.8.0_181\jre\lib\rt.jar]
[Loaded java.util.Collections$UnmodifiableCollection from C:\software\Java\jdk1.8.0_181\jre\lib\rt.jar]
[Loaded java.util.Collections$UnmodifiableList from C:\software\Java\jdk1.8.0_181\jre\lib\rt.jar]
[Loaded java.util.Collections$UnmodifiableRandomAccessList from C:\software\Java\jdk1.8.0_181\jre\lib\rt.jar]
[Loaded java.lang.ref.ReferenceQueue$Null from C:\software\Java\jdk1.8.0_181\jre\lib\rt.jar]
[Loaded java.lang.ref.ReferenceQueue$Lock from C:\software\Java\jdk1.8.0_181\jre\lib\rt.jar]
[Loaded sun.misc.JavaLangRefAccess from C:\software\Java\jdk1.8.0_181\jre\lib\rt.jar]
[Loaded java.lang.ref.Reference$1 from C:\software\Java\jdk1.8.0_181\jre\lib\rt.jar]
[Loaded sun.misc.SharedSecrets from C:\software\Java\jdk1.8.0_181\jre\lib\rt.jar]
[Loaded java.lang.IncompatibleClassChangeError from C:\software\Java\jdk1.8.0_181\jre\lib\rt.jar]
[Loaded java.lang.NoSuchMethodError from C:\software\Java\jdk1.8.0_181\jre\lib\rt.jar]
[Loaded sun.reflect.Reflection from C:\software\Java\jdk1.8.0_181\jre\lib\rt.jar]
[Loaded java.util.HashMap from C:\software\Java\jdk1.8.0_181\jre\lib\rt.jar]
[Loaded java.util.Map$Entry from C:\software\Java\jdk1.8.0_181\jre\lib\rt.jar]
[Loaded java.util.HashMap$Node from C:\software\Java\jdk1.8.0_181\jre\lib\rt.jar]
[Loaded sun.misc.VM from C:\software\Java\jdk1.8.0_181\jre\lib\rt.jar]
[Loaded java.util.Hashtable$Entry from C:\software\Java\jdk1.8.0_181\jre\lib\rt.jar]
[Loaded java.lang.Math from C:\software\Java\jdk1.8.0_181\jre\lib\rt.jar]
[Loaded java.lang.ref.Finalizer$FinalizerThread from C:\software\Java\jdk1.8.0_181\jre\lib\rt.jar]
[Loaded java.util.Hashtable$EntrySet from C:\software\Java\jdk1.8.0_181\jre\lib\rt.jar]
[Loaded java.util.Collections$SynchronizedCollection from C:\software\Java\jdk1.8.0_181\jre\lib\rt.jar]
[Loaded java.util.Collections$SynchronizedSet from C:\software\Java\jdk1.8.0_181\jre\lib\rt.jar]
[Loaded java.util.Objects from C:\software\Java\jdk1.8.0_181\jre\lib\rt.jar]
[Loaded java.util.Enumeration from C:\software\Java\jdk1.8.0_181\jre\lib\rt.jar]
[Loaded java.util.Iterator from C:\software\Java\jdk1.8.0_181\jre\lib\rt.jar]
[Loaded java.util.Hashtable$Enumerator from C:\software\Java\jdk1.8.0_181\jre\lib\rt.jar]
[Loaded java.lang.Runtime from C:\software\Java\jdk1.8.0_181\jre\lib\rt.jar]
[Loaded sun.misc.Version from C:\software\Java\jdk1.8.0_181\jre\lib\rt.jar]
[Loaded java.io.FileInputStream from C:\software\Java\jdk1.8.0_181\jre\lib\rt.jar]
[Loaded java.io.FileDescriptor from C:\software\Java\jdk1.8.0_181\jre\lib\rt.jar]
[Loaded sun.misc.JavaIOFileDescriptorAccess from C:\software\Java\jdk1.8.0_181\jre\lib\rt.jar]
[Loaded java.io.FileDescriptor$1 from C:\software\Java\jdk1.8.0_181\jre\lib\rt.jar]
[Loaded java.io.Flushable from C:\software\Java\jdk1.8.0_181\jre\lib\rt.jar]
[Loaded java.io.OutputStream from C:\software\Java\jdk1.8.0_181\jre\lib\rt.jar]
[Loaded java.io.FileOutputStream from C:\software\Java\jdk1.8.0_181\jre\lib\rt.jar]
[Loaded java.io.FilterInputStream from C:\software\Java\jdk1.8.0_181\jre\lib\rt.jar]
[Loaded java.io.BufferedInputStream from C:\software\Java\jdk1.8.0_181\jre\lib\rt.jar]
[Loaded java.util.concurrent.atomic.AtomicReferenceFieldUpdater from C:\software\Java\jdk1.8.0_181\jre\lib\rt.jar]
[Loaded java.util.concurrent.atomic.AtomicReferenceFieldUpdater$AtomicReferenceFieldUpdaterImpl from C:\software\Java\jdk1.8.0_181\jre\lib\rt.jar]
[Loaded java.security.PrivilegedExceptionAction from C:\software\Java\jdk1.8.0_181\jre\lib\rt.jar]
[Loaded java.util.concurrent.atomic.AtomicReferenceFieldUpdater$AtomicReferenceFieldUpdaterImpl$1 from C:\software\Java\jdk1.8.0_181\jre\lib\rt.jar]
[Loaded java.lang.Class$3 from C:\software\Java\jdk1.8.0_181\jre\lib\rt.jar]
[Loaded java.lang.Class$ReflectionData from C:\software\Java\jdk1.8.0_181\jre\lib\rt.jar]
[Loaded java.lang.Class$Atomic from C:\software\Java\jdk1.8.0_181\jre\lib\rt.jar]
[Loaded sun.reflect.generics.repository.AbstractRepository from C:\software\Java\jdk1.8.0_181\jre\lib\rt.jar]
[Loaded sun.reflect.generics.repository.GenericDeclRepository from C:\software\Java\jdk1.8.0_181\jre\lib\rt.jar]
[Loaded sun.reflect.generics.repository.ClassRepository from C:\software\Java\jdk1.8.0_181\jre\lib\rt.jar]
[Loaded java.lang.Class$AnnotationData from C:\software\Java\jdk1.8.0_181\jre\lib\rt.jar]
[Loaded sun.reflect.annotation.AnnotationType from C:\software\Java\jdk1.8.0_181\jre\lib\rt.jar]
[Loaded java.util.WeakHashMap from C:\software\Java\jdk1.8.0_181\jre\lib\rt.jar]
[Loaded java.lang.ClassValue$ClassValueMap from C:\software\Java\jdk1.8.0_181\jre\lib\rt.jar]
[Loaded java.lang.reflect.Modifier from C:\software\Java\jdk1.8.0_181\jre\lib\rt.jar]
[Loaded sun.reflect.LangReflectAccess from C:\software\Java\jdk1.8.0_181\jre\lib\rt.jar]
[Loaded java.lang.reflect.ReflectAccess from C:\software\Java\jdk1.8.0_181\jre\lib\rt.jar]
[Loaded sun.reflect.misc.ReflectUtil from C:\software\Java\jdk1.8.0_181\jre\lib\rt.jar]
[Loaded java.util.Arrays from C:\software\Java\jdk1.8.0_181\jre\lib\rt.jar]
[Loaded java.io.FilterOutputStream from C:\software\Java\jdk1.8.0_181\jre\lib\rt.jar]
[Loaded java.io.PrintStream from C:\software\Java\jdk1.8.0_181\jre\lib\rt.jar]
[Loaded java.io.BufferedOutputStream from C:\software\Java\jdk1.8.0_181\jre\lib\rt.jar]
[Loaded java.io.Writer from C:\software\Java\jdk1.8.0_181\jre\lib\rt.jar]
[Loaded java.io.OutputStreamWriter from C:\software\Java\jdk1.8.0_181\jre\lib\rt.jar]
[Loaded sun.nio.cs.StreamEncoder from C:\software\Java\jdk1.8.0_181\jre\lib\rt.jar]
[Loaded java.nio.charset.Charset from C:\software\Java\jdk1.8.0_181\jre\lib\rt.jar]
[Loaded java.nio.charset.spi.CharsetProvider from C:\software\Java\jdk1.8.0_181\jre\lib\rt.jar]
[Loaded sun.nio.cs.FastCharsetProvider from C:\software\Java\jdk1.8.0_181\jre\lib\rt.jar]
[Loaded sun.nio.cs.StandardCharsets from C:\software\Java\jdk1.8.0_181\jre\lib\rt.jar]
[Loaded sun.util.PreHashedMap from C:\software\Java\jdk1.8.0_181\jre\lib\rt.jar]
[Loaded sun.nio.cs.StandardCharsets$Aliases from C:\software\Java\jdk1.8.0_181\jre\lib\rt.jar]
[Loaded sun.nio.cs.StandardCharsets$Classes from C:\software\Java\jdk1.8.0_181\jre\lib\rt.jar]
[Loaded sun.nio.cs.StandardCharsets$Cache from C:\software\Java\jdk1.8.0_181\jre\lib\rt.jar]
[Loaded java.lang.ThreadLocal from C:\software\Java\jdk1.8.0_181\jre\lib\rt.jar]
[Loaded java.util.concurrent.atomic.AtomicInteger from C:\software\Java\jdk1.8.0_181\jre\lib\rt.jar]
[Loaded sun.security.action.GetPropertyAction from C:\software\Java\jdk1.8.0_181\jre\lib\rt.jar]
[Loaded sun.nio.cs.HistoricallyNamedCharset from C:\software\Java\jdk1.8.0_181\jre\lib\rt.jar]
[Loaded sun.nio.cs.MS1252 from C:\software\Java\jdk1.8.0_181\jre\lib\rt.jar]
[Loaded sun.nio.cs.SingleByte from C:\software\Java\jdk1.8.0_181\jre\lib\rt.jar]
[Loaded java.lang.Class$1 from C:\software\Java\jdk1.8.0_181\jre\lib\rt.jar]
[Loaded sun.reflect.ReflectionFactory$1 from C:\software\Java\jdk1.8.0_181\jre\lib\rt.jar]
[Loaded sun.reflect.NativeConstructorAccessorImpl from C:\software\Java\jdk1.8.0_181\jre\lib\rt.jar]
[Loaded sun.reflect.DelegatingConstructorAccessorImpl from C:\software\Java\jdk1.8.0_181\jre\lib\rt.jar]
[Loaded sun.nio.cs.ArrayEncoder from C:\software\Java\jdk1.8.0_181\jre\lib\rt.jar]
[Loaded java.nio.charset.CharsetEncoder from C:\software\Java\jdk1.8.0_181\jre\lib\rt.jar]
[Loaded sun.nio.cs.SingleByte$Encoder from C:\software\Java\jdk1.8.0_181\jre\lib\rt.jar]
[Loaded java.nio.charset.CodingErrorAction from C:\software\Java\jdk1.8.0_181\jre\lib\rt.jar]
[Loaded java.nio.ByteBuffer from C:\software\Java\jdk1.8.0_181\jre\lib\rt.jar]
[Loaded java.nio.HeapByteBuffer from C:\software\Java\jdk1.8.0_181\jre\lib\rt.jar]
[Loaded java.nio.Bits from C:\software\Java\jdk1.8.0_181\jre\lib\rt.jar]
[Loaded java.nio.ByteOrder from C:\software\Java\jdk1.8.0_181\jre\lib\rt.jar]
[Loaded java.util.concurrent.atomic.AtomicLong from C:\software\Java\jdk1.8.0_181\jre\lib\rt.jar]
[Loaded sun.misc.JavaNioAccess from C:\software\Java\jdk1.8.0_181\jre\lib\rt.jar]
[Loaded java.nio.Bits$1 from C:\software\Java\jdk1.8.0_181\jre\lib\rt.jar]
[Loaded java.io.BufferedWriter from C:\software\Java\jdk1.8.0_181\jre\lib\rt.jar]
[Loaded sun.nio.cs.IBM850 from C:\software\Java\jdk1.8.0_181\jre\lib\rt.jar]
[Loaded java.io.DefaultFileSystem from C:\software\Java\jdk1.8.0_181\jre\lib\rt.jar]
[Loaded java.io.FileSystem from C:\software\Java\jdk1.8.0_181\jre\lib\rt.jar]
[Loaded java.io.WinNTFileSystem from C:\software\Java\jdk1.8.0_181\jre\lib\rt.jar]
[Loaded java.io.ExpiringCache from C:\software\Java\jdk1.8.0_181\jre\lib\rt.jar]
[Loaded java.util.LinkedHashMap from C:\software\Java\jdk1.8.0_181\jre\lib\rt.jar]
[Loaded java.io.ExpiringCache$1 from C:\software\Java\jdk1.8.0_181\jre\lib\rt.jar]
[Loaded java.lang.Enum from C:\software\Java\jdk1.8.0_181\jre\lib\rt.jar]
[Loaded java.io.File$PathStatus from C:\software\Java\jdk1.8.0_181\jre\lib\rt.jar]
[Loaded java.nio.file.Watchable from C:\software\Java\jdk1.8.0_181\jre\lib\rt.jar]
[Loaded java.nio.file.Path from C:\software\Java\jdk1.8.0_181\jre\lib\rt.jar]
[Loaded java.lang.ClassLoader$3 from C:\software\Java\jdk1.8.0_181\jre\lib\rt.jar]
[Loaded java.io.ExpiringCache$Entry from C:\software\Java\jdk1.8.0_181\jre\lib\rt.jar]
[Loaded java.util.LinkedHashMap$Entry from C:\software\Java\jdk1.8.0_181\jre\lib\rt.jar]
[Loaded java.lang.ClassLoader$NativeLibrary from C:\software\Java\jdk1.8.0_181\jre\lib\rt.jar]
[Loaded java.lang.Terminator from C:\software\Java\jdk1.8.0_181\jre\lib\rt.jar]
[Loaded sun.misc.SignalHandler from C:\software\Java\jdk1.8.0_181\jre\lib\rt.jar]
[Loaded java.lang.Terminator$1 from C:\software\Java\jdk1.8.0_181\jre\lib\rt.jar]
[Loaded sun.misc.Signal from C:\software\Java\jdk1.8.0_181\jre\lib\rt.jar]
[Loaded sun.misc.NativeSignalHandler from C:\software\Java\jdk1.8.0_181\jre\lib\rt.jar]
[Loaded java.lang.Integer$IntegerCache from C:\software\Java\jdk1.8.0_181\jre\lib\rt.jar]
[Loaded sun.misc.OSEnvironment from C:\software\Java\jdk1.8.0_181\jre\lib\rt.jar]
[Loaded sun.io.Win32ErrorMode from C:\software\Java\jdk1.8.0_181\jre\lib\rt.jar]
[Loaded sun.misc.JavaLangAccess from C:\software\Java\jdk1.8.0_181\jre\lib\rt.jar]
[Loaded java.lang.System$2 from C:\software\Java\jdk1.8.0_181\jre\lib\rt.jar]
[Loaded java.lang.IllegalArgumentException from C:\software\Java\jdk1.8.0_181\jre\lib\rt.jar]
[Loaded java.lang.Compiler from C:\software\Java\jdk1.8.0_181\jre\lib\rt.jar]
[Loaded java.lang.Compiler$1 from C:\software\Java\jdk1.8.0_181\jre\lib\rt.jar]
[Loaded java.net.URLStreamHandlerFactory from C:\software\Java\jdk1.8.0_181\jre\lib\rt.jar]
[Loaded sun.misc.Launcher$Factory from C:\software\Java\jdk1.8.0_181\jre\lib\rt.jar]
[Loaded sun.security.util.Debug from C:\software\Java\jdk1.8.0_181\jre\lib\rt.jar]
[Loaded java.lang.ClassLoader$ParallelLoaders from C:\software\Java\jdk1.8.0_181\jre\lib\rt.jar]
[Loaded java.util.WeakHashMap$Entry from C:\software\Java\jdk1.8.0_181\jre\lib\rt.jar]
[Loaded java.util.Collections$SetFromMap from C:\software\Java\jdk1.8.0_181\jre\lib\rt.jar]
[Loaded java.util.WeakHashMap$KeySet from C:\software\Java\jdk1.8.0_181\jre\lib\rt.jar]
[Loaded sun.misc.JavaNetAccess from C:\software\Java\jdk1.8.0_181\jre\lib\rt.jar]
[Loaded java.net.URLClassLoader$7 from C:\software\Java\jdk1.8.0_181\jre\lib\rt.jar]
[Loaded sun.misc.Launcher$ExtClassLoader$1 from C:\software\Java\jdk1.8.0_181\jre\lib\rt.jar]
[Loaded java.util.StringTokenizer from C:\software\Java\jdk1.8.0_181\jre\lib\rt.jar]
[Loaded sun.misc.MetaIndex from C:\software\Java\jdk1.8.0_181\jre\lib\rt.jar]
[Loaded java.lang.Readable from C:\software\Java\jdk1.8.0_181\jre\lib\rt.jar]
[Loaded java.io.Reader from C:\software\Java\jdk1.8.0_181\jre\lib\rt.jar]
[Loaded java.io.BufferedReader from C:\software\Java\jdk1.8.0_181\jre\lib\rt.jar]
[Loaded java.io.InputStreamReader from C:\software\Java\jdk1.8.0_181\jre\lib\rt.jar]
[Loaded java.io.FileReader from C:\software\Java\jdk1.8.0_181\jre\lib\rt.jar]
[Loaded sun.nio.cs.StreamDecoder from C:\software\Java\jdk1.8.0_181\jre\lib\rt.jar]
[Loaded sun.nio.cs.ArrayDecoder from C:\software\Java\jdk1.8.0_181\jre\lib\rt.jar]
[Loaded java.nio.charset.CharsetDecoder from C:\software\Java\jdk1.8.0_181\jre\lib\rt.jar]
[Loaded sun.nio.cs.SingleByte$Decoder from C:\software\Java\jdk1.8.0_181\jre\lib\rt.jar]
[Loaded java.nio.CharBuffer from C:\software\Java\jdk1.8.0_181\jre\lib\rt.jar]
[Loaded java.nio.HeapCharBuffer from C:\software\Java\jdk1.8.0_181\jre\lib\rt.jar]
[Loaded java.nio.charset.CoderResult from C:\software\Java\jdk1.8.0_181\jre\lib\rt.jar]
[Loaded java.nio.charset.CoderResult$Cache from C:\software\Java\jdk1.8.0_181\jre\lib\rt.jar]
[Loaded java.nio.charset.CoderResult$1 from C:\software\Java\jdk1.8.0_181\jre\lib\rt.jar]
[Loaded java.nio.charset.CoderResult$2 from C:\software\Java\jdk1.8.0_181\jre\lib\rt.jar]
[Loaded java.lang.reflect.Array from C:\software\Java\jdk1.8.0_181\jre\lib\rt.jar]
[Loaded java.util.Locale from C:\software\Java\jdk1.8.0_181\jre\lib\rt.jar]
[Loaded sun.util.locale.LocaleObjectCache from C:\software\Java\jdk1.8.0_181\jre\lib\rt.jar]
[Loaded java.util.Locale$Cache from C:\software\Java\jdk1.8.0_181\jre\lib\rt.jar]
[Loaded java.util.concurrent.ConcurrentMap from C:\software\Java\jdk1.8.0_181\jre\lib\rt.jar]
[Loaded java.util.concurrent.ConcurrentHashMap from C:\software\Java\jdk1.8.0_181\jre\lib\rt.jar]
[Loaded java.util.concurrent.locks.Lock from C:\software\Java\jdk1.8.0_181\jre\lib\rt.jar]
[Loaded java.util.concurrent.locks.ReentrantLock from C:\software\Java\jdk1.8.0_181\jre\lib\rt.jar]
[Loaded java.util.concurrent.ConcurrentHashMap$Segment from C:\software\Java\jdk1.8.0_181\jre\lib\rt.jar]
[Loaded java.util.concurrent.ConcurrentHashMap$Node from C:\software\Java\jdk1.8.0_181\jre\lib\rt.jar]
[Loaded java.util.concurrent.ConcurrentHashMap$CounterCell from C:\software\Java\jdk1.8.0_181\jre\lib\rt.jar]
[Loaded java.util.concurrent.ConcurrentHashMap$CollectionView from C:\software\Java\jdk1.8.0_181\jre\lib\rt.jar]
[Loaded java.util.concurrent.ConcurrentHashMap$KeySetView from C:\software\Java\jdk1.8.0_181\jre\lib\rt.jar]
[Loaded java.util.concurrent.ConcurrentHashMap$ValuesView from C:\software\Java\jdk1.8.0_181\jre\lib\rt.jar]
[Loaded java.util.concurrent.ConcurrentHashMap$EntrySetView from C:\software\Java\jdk1.8.0_181\jre\lib\rt.jar]
[Loaded sun.util.locale.BaseLocale from C:\software\Java\jdk1.8.0_181\jre\lib\rt.jar]
[Loaded sun.util.locale.BaseLocale$Cache from C:\software\Java\jdk1.8.0_181\jre\lib\rt.jar]
[Loaded sun.util.locale.BaseLocale$Key from C:\software\Java\jdk1.8.0_181\jre\lib\rt.jar]
[Loaded sun.util.locale.LocaleObjectCache$CacheEntry from C:\software\Java\jdk1.8.0_181\jre\lib\rt.jar]
[Loaded java.util.Locale$LocaleKey from C:\software\Java\jdk1.8.0_181\jre\lib\rt.jar]
[Loaded sun.util.locale.LocaleUtils from C:\software\Java\jdk1.8.0_181\jre\lib\rt.jar]
[Loaded java.lang.CharacterData from C:\software\Java\jdk1.8.0_181\jre\lib\rt.jar]
[Loaded java.lang.CharacterDataLatin1 from C:\software\Java\jdk1.8.0_181\jre\lib\rt.jar]
[Loaded java.util.HashMap$TreeNode from C:\software\Java\jdk1.8.0_181\jre\lib\rt.jar]
[Loaded java.io.FileInputStream$1 from C:\software\Java\jdk1.8.0_181\jre\lib\rt.jar]
[Loaded sun.net.www.ParseUtil from C:\software\Java\jdk1.8.0_181\jre\lib\rt.jar]
[Loaded java.util.BitSet from C:\software\Java\jdk1.8.0_181\jre\lib\rt.jar]
[Loaded java.net.Parts from C:\software\Java\jdk1.8.0_181\jre\lib\rt.jar]
[Loaded java.net.URLStreamHandler from C:\software\Java\jdk1.8.0_181\jre\lib\rt.jar]
[Loaded sun.net.www.protocol.file.Handler from C:\software\Java\jdk1.8.0_181\jre\lib\rt.jar]
[Loaded sun.misc.JavaSecurityAccess from C:\software\Java\jdk1.8.0_181\jre\lib\rt.jar]
[Loaded java.security.ProtectionDomain$JavaSecurityAccessImpl from C:\software\Java\jdk1.8.0_181\jre\lib\rt.jar]
[Loaded sun.misc.JavaSecurityProtectionDomainAccess from C:\software\Java\jdk1.8.0_181\jre\lib\rt.jar]
[Loaded java.security.ProtectionDomain$2 from C:\software\Java\jdk1.8.0_181\jre\lib\rt.jar]
[Loaded java.security.ProtectionDomain$Key from C:\software\Java\jdk1.8.0_181\jre\lib\rt.jar]
[Loaded java.security.Principal from C:\software\Java\jdk1.8.0_181\jre\lib\rt.jar]
[Loaded java.util.HashSet from C:\software\Java\jdk1.8.0_181\jre\lib\rt.jar]
[Loaded sun.misc.URLClassPath from C:\software\Java\jdk1.8.0_181\jre\lib\rt.jar]
[Loaded sun.net.www.protocol.jar.Handler from C:\software\Java\jdk1.8.0_181\jre\lib\rt.jar]
[Loaded sun.misc.Launcher$AppClassLoader$1 from C:\software\Java\jdk1.8.0_181\jre\lib\rt.jar]
[Loaded java.lang.SystemClassLoaderAction from C:\software\Java\jdk1.8.0_181\jre\lib\rt.jar]
[Loaded java.lang.invoke.MethodHandleImpl from C:\software\Java\jdk1.8.0_181\jre\lib\rt.jar]
[Loaded java.lang.invoke.MethodHandleImpl$1 from C:\software\Java\jdk1.8.0_181\jre\lib\rt.jar]
[Loaded java.util.function.Function from C:\software\Java\jdk1.8.0_181\jre\lib\rt.jar]
[Loaded java.lang.invoke.MethodHandleImpl$2 from C:\software\Java\jdk1.8.0_181\jre\lib\rt.jar]
[Loaded java.lang.invoke.MethodHandleImpl$3 from C:\software\Java\jdk1.8.0_181\jre\lib\rt.jar]
[Loaded java.lang.ClassValue from C:\software\Java\jdk1.8.0_181\jre\lib\rt.jar]
[Loaded java.lang.invoke.MethodHandleImpl$4 from C:\software\Java\jdk1.8.0_181\jre\lib\rt.jar]
[Loaded java.lang.ClassValue$Entry from C:\software\Java\jdk1.8.0_181\jre\lib\rt.jar]
[Loaded java.lang.ClassValue$Identity from C:\software\Java\jdk1.8.0_181\jre\lib\rt.jar]
[Loaded java.lang.ClassValue$Version from C:\software\Java\jdk1.8.0_181\jre\lib\rt.jar]
[Loaded java.lang.invoke.MemberName$Factory from C:\software\Java\jdk1.8.0_181\jre\lib\rt.jar]
[Loaded java.lang.invoke.MethodHandleStatics from C:\software\Java\jdk1.8.0_181\jre\lib\rt.jar]
[Loaded java.lang.invoke.MethodHandleStatics$1 from C:\software\Java\jdk1.8.0_181\jre\lib\rt.jar]
[Loaded sun.misc.PostVMInitHook from C:\software\Java\jdk1.8.0_181\jre\lib\rt.jar]
[Loaded sun.usagetracker.UsageTrackerClient from C:\software\Java\jdk1.8.0_181\jre\lib\rt.jar]
[Loaded java.util.concurrent.atomic.AtomicBoolean from C:\software\Java\jdk1.8.0_181\jre\lib\rt.jar]
[Loaded sun.usagetracker.UsageTrackerClient$1 from C:\software\Java\jdk1.8.0_181\jre\lib\rt.jar]
[Loaded sun.usagetracker.UsageTrackerClient$4 from C:\software\Java\jdk1.8.0_181\jre\lib\rt.jar]
[Loaded sun.usagetracker.UsageTrackerClient$2 from C:\software\Java\jdk1.8.0_181\jre\lib\rt.jar]
[Loaded jdk.internal.util.EnvUtils from C:\software\Java\jdk1.8.0_181\jre\lib\rt.jar]
[Loaded sun.usagetracker.UsageTrackerClient$3 from C:\software\Java\jdk1.8.0_181\jre\lib\rt.jar]
[Loaded java.lang.StringCoding from C:\software\Java\jdk1.8.0_181\jre\lib\rt.jar]
[Loaded java.lang.ThreadLocal$ThreadLocalMap from C:\software\Java\jdk1.8.0_181\jre\lib\rt.jar]
[Loaded java.lang.ThreadLocal$ThreadLocalMap$Entry from C:\software\Java\jdk1.8.0_181\jre\lib\rt.jar]
[Loaded sun.nio.cs.Unicode from C:\software\Java\jdk1.8.0_181\jre\lib\rt.jar]
[Loaded sun.nio.cs.UTF_8 from C:\software\Java\jdk1.8.0_181\jre\lib\rt.jar]
[Loaded java.lang.StringCoding$StringEncoder from C:\software\Java\jdk1.8.0_181\jre\lib\rt.jar]
[Loaded sun.nio.cs.UTF_8$Encoder from C:\software\Java\jdk1.8.0_181\jre\lib\rt.jar]
[Loaded java.io.FileOutputStream$1 from C:\software\Java\jdk1.8.0_181\jre\lib\rt.jar]
[Loaded sun.launcher.LauncherHelper from C:\software\Java\jdk1.8.0_181\jre\lib\rt.jar]
[Loaded java.lang.StringCoding$StringDecoder from C:\software\Java\jdk1.8.0_181\jre\lib\rt.jar]
[Loaded java.util.zip.ZipConstants from C:\software\Java\jdk1.8.0_181\jre\lib\rt.jar]
[Loaded java.util.zip.ZipFile from C:\software\Java\jdk1.8.0_181\jre\lib\rt.jar]
[Loaded java.util.jar.JarFile from C:\software\Java\jdk1.8.0_181\jre\lib\rt.jar]
[Loaded sun.misc.JavaUtilZipFileAccess from C:\software\Java\jdk1.8.0_181\jre\lib\rt.jar]
[Loaded java.util.zip.ZipFile$1 from C:\software\Java\jdk1.8.0_181\jre\lib\rt.jar]
[Loaded sun.misc.JavaUtilJarAccess from C:\software\Java\jdk1.8.0_181\jre\lib\rt.jar]
[Loaded java.util.jar.JavaUtilJarAccessImpl from C:\software\Java\jdk1.8.0_181\jre\lib\rt.jar]
[Loaded java.nio.charset.StandardCharsets from C:\software\Java\jdk1.8.0_181\jre\lib\rt.jar]
[Loaded sun.nio.cs.US_ASCII from C:\software\Java\jdk1.8.0_181\jre\lib\rt.jar]
[Loaded sun.nio.cs.ISO_8859_1 from C:\software\Java\jdk1.8.0_181\jre\lib\rt.jar]
[Loaded sun.nio.cs.UTF_16BE from C:\software\Java\jdk1.8.0_181\jre\lib\rt.jar]
[Loaded sun.nio.cs.UTF_16LE from C:\software\Java\jdk1.8.0_181\jre\lib\rt.jar]
[Loaded sun.nio.cs.UTF_16 from C:\software\Java\jdk1.8.0_181\jre\lib\rt.jar]
[Loaded java.util.Queue from C:\software\Java\jdk1.8.0_181\jre\lib\rt.jar]
[Loaded java.util.Deque from C:\software\Java\jdk1.8.0_181\jre\lib\rt.jar]
[Loaded java.util.ArrayDeque from C:\software\Java\jdk1.8.0_181\jre\lib\rt.jar]
[Loaded java.util.zip.ZipCoder from C:\software\Java\jdk1.8.0_181\jre\lib\rt.jar]
[Loaded sun.misc.PerfCounter from C:\software\Java\jdk1.8.0_181\jre\lib\rt.jar]
[Loaded sun.misc.Perf$GetPerfAction from C:\software\Java\jdk1.8.0_181\jre\lib\rt.jar]
[Loaded sun.misc.Perf from C:\software\Java\jdk1.8.0_181\jre\lib\rt.jar]
[Loaded sun.misc.PerfCounter$CoreCounters from C:\software\Java\jdk1.8.0_181\jre\lib\rt.jar]
[Loaded sun.nio.ch.DirectBuffer from C:\software\Java\jdk1.8.0_181\jre\lib\rt.jar]
[Loaded java.nio.MappedByteBuffer from C:\software\Java\jdk1.8.0_181\jre\lib\rt.jar]
[Loaded java.nio.DirectByteBuffer from C:\software\Java\jdk1.8.0_181\jre\lib\rt.jar]
[Loaded java.nio.LongBuffer from C:\software\Java\jdk1.8.0_181\jre\lib\rt.jar]
[Loaded java.nio.DirectLongBufferU from C:\software\Java\jdk1.8.0_181\jre\lib\rt.jar]
[Loaded java.util.zip.ZipEntry from C:\software\Java\jdk1.8.0_181\jre\lib\rt.jar]
[Loaded sun.nio.cs.UTF_8$Decoder from C:\software\Java\jdk1.8.0_181\jre\lib\rt.jar]
[Loaded java.util.jar.JarEntry from C:\software\Java\jdk1.8.0_181\jre\lib\rt.jar]
[Loaded java.util.jar.JarFile$JarFileEntry from C:\software\Java\jdk1.8.0_181\jre\lib\rt.jar]
[Loaded java.util.zip.ZipFile$ZipFileInputStream from C:\software\Java\jdk1.8.0_181\jre\lib\rt.jar]
[Loaded java.util.zip.Inflater from C:\software\Java\jdk1.8.0_181\jre\lib\rt.jar]
[Loaded java.util.zip.ZStreamRef from C:\software\Java\jdk1.8.0_181\jre\lib\rt.jar]
[Loaded java.util.zip.InflaterInputStream from C:\software\Java\jdk1.8.0_181\jre\lib\rt.jar]
[Loaded java.util.zip.ZipFile$ZipFileInflaterInputStream from C:\software\Java\jdk1.8.0_181\jre\lib\rt.jar]
[Loaded sun.misc.IOUtils from C:\software\Java\jdk1.8.0_181\jre\lib\rt.jar]
[Loaded java.util.jar.Attributes from C:\software\Java\jdk1.8.0_181\jre\lib\rt.jar]
[Loaded java.util.jar.Manifest$FastInputStream from C:\software\Java\jdk1.8.0_181\jre\lib\rt.jar]
[Loaded java.util.jar.Attributes$Name from C:\software\Java\jdk1.8.0_181\jre\lib\rt.jar]
[Loaded sun.misc.ASCIICaseInsensitiveComparator from C:\software\Java\jdk1.8.0_181\jre\lib\rt.jar]
[Loaded java.util.jar.JarVerifier from C:\software\Java\jdk1.8.0_181\jre\lib\rt.jar]
[Loaded java.security.CodeSigner from C:\software\Java\jdk1.8.0_181\jre\lib\rt.jar]
[Loaded java.util.jar.JarVerifier$3 from C:\software\Java\jdk1.8.0_181\jre\lib\rt.jar]
[Loaded java.io.ByteArrayOutputStream from C:\software\Java\jdk1.8.0_181\jre\lib\rt.jar]
[Loaded sun.launcher.LauncherHelper$ResourceBundleHolder from C:\software\Java\jdk1.8.0_181\jre\lib\rt.jar]
[Loaded java.util.ResourceBundle from C:\software\Java\jdk1.8.0_181\jre\lib\rt.jar]
[Loaded java.util.ResourceBundle$1 from C:\software\Java\jdk1.8.0_181\jre\lib\rt.jar]
[Loaded java.util.spi.ResourceBundleControlProvider from C:\software\Java\jdk1.8.0_181\jre\lib\rt.jar]
[Loaded java.util.ServiceLoader from C:\software\Java\jdk1.8.0_181\jre\lib\rt.jar]
[Loaded java.util.ServiceLoader$LazyIterator from C:\software\Java\jdk1.8.0_181\jre\lib\rt.jar]
[Loaded java.util.ServiceLoader$1 from C:\software\Java\jdk1.8.0_181\jre\lib\rt.jar]
[Loaded java.util.LinkedHashMap$LinkedEntrySet from C:\software\Java\jdk1.8.0_181\jre\lib\rt.jar]
[Loaded java.util.LinkedHashMap$LinkedHashIterator from C:\software\Java\jdk1.8.0_181\jre\lib\rt.jar]
[Loaded java.util.LinkedHashMap$LinkedEntryIterator from C:\software\Java\jdk1.8.0_181\jre\lib\rt.jar]
[Loaded sun.misc.Launcher$BootClassPathHolder from C:\software\Java\jdk1.8.0_181\jre\lib\rt.jar]
[Loaded sun.misc.Launcher$BootClassPathHolder$1 from C:\software\Java\jdk1.8.0_181\jre\lib\rt.jar]
[Loaded sun.misc.URLClassPath$2 from C:\software\Java\jdk1.8.0_181\jre\lib\rt.jar]
[Loaded java.lang.ClassLoader$2 from C:\software\Java\jdk1.8.0_181\jre\lib\rt.jar]
[Loaded sun.misc.URLClassPath$1 from C:\software\Java\jdk1.8.0_181\jre\lib\rt.jar]
[Loaded java.net.URLClassLoader$3 from C:\software\Java\jdk1.8.0_181\jre\lib\rt.jar]
[Loaded sun.misc.CompoundEnumeration from C:\software\Java\jdk1.8.0_181\jre\lib\rt.jar]
[Loaded sun.net.util.URLUtil from C:\software\Java\jdk1.8.0_181\jre\lib\rt.jar]
[Loaded sun.misc.URLClassPath$3 from C:\software\Java\jdk1.8.0_181\jre\lib\rt.jar]
[Loaded sun.misc.URLClassPath$Loader from C:\software\Java\jdk1.8.0_181\jre\lib\rt.jar]
[Loaded sun.misc.URLClassPath$JarLoader from C:\software\Java\jdk1.8.0_181\jre\lib\rt.jar]
[Loaded sun.misc.URLClassPath$JarLoader$1 from C:\software\Java\jdk1.8.0_181\jre\lib\rt.jar]
[Loaded sun.misc.FileURLMapper from C:\software\Java\jdk1.8.0_181\jre\lib\rt.jar]
[Loaded java.io.IOException from C:\software\Java\jdk1.8.0_181\jre\lib\rt.jar]
[Loaded java.io.FileNotFoundException from C:\software\Java\jdk1.8.0_181\jre\lib\rt.jar]
[Loaded java.security.PrivilegedActionException from C:\software\Java\jdk1.8.0_181\jre\lib\rt.jar]
[Loaded java.net.URLClassLoader$3$1 from C:\software\Java\jdk1.8.0_181\jre\lib\rt.jar]
[Loaded java.util.ResourceBundle$RBClassLoader from C:\software\Java\jdk1.8.0_181\jre\lib\rt.jar]
[Loaded java.util.ResourceBundle$RBClassLoader$1 from C:\software\Java\jdk1.8.0_181\jre\lib\rt.jar]
[Loaded java.util.ResourceBundle$Control from C:\software\Java\jdk1.8.0_181\jre\lib\rt.jar]
[Loaded java.util.Arrays$ArrayList from C:\software\Java\jdk1.8.0_181\jre\lib\rt.jar]
[Loaded java.util.ResourceBundle$Control$CandidateListCache from C:\software\Java\jdk1.8.0_181\jre\lib\rt.jar]
[Loaded java.util.ResourceBundle$CacheKey from C:\software\Java\jdk1.8.0_181\jre\lib\rt.jar]
[Loaded java.util.ResourceBundle$CacheKeyReference from C:\software\Java\jdk1.8.0_181\jre\lib\rt.jar]
[Loaded java.util.ResourceBundle$LoaderReference from C:\software\Java\jdk1.8.0_181\jre\lib\rt.jar]
[Loaded java.util.AbstractSequentialList from C:\software\Java\jdk1.8.0_181\jre\lib\rt.jar]
[Loaded java.util.LinkedList from C:\software\Java\jdk1.8.0_181\jre\lib\rt.jar]
[Loaded java.util.LinkedList$Node from C:\software\Java\jdk1.8.0_181\jre\lib\rt.jar]
[Loaded java.util.ListResourceBundle from C:\software\Java\jdk1.8.0_181\jre\lib\rt.jar]
[Loaded sun.launcher.resources.launcher from C:\software\Java\jdk1.8.0_181\jre\lib\rt.jar]
[Loaded java.util.ResourceBundle$BundleReference from C:\software\Java\jdk1.8.0_181\jre\lib\rt.jar]
[Loaded sun.launcher.resources.launcher_fr from C:\software\Java\jdk1.8.0_181\jre\lib\rt.jar]
[Loaded java.net.URLClassLoader$1 from C:\software\Java\jdk1.8.0_181\jre\lib\rt.jar]
[Loaded java.util.ResourceBundle$Control$1 from C:\software\Java\jdk1.8.0_181\jre\lib\rt.jar]
[Loaded java.net.URLClassLoader$2 from C:\software\Java\jdk1.8.0_181\jre\lib\rt.jar]
[Loaded java.text.Format from C:\software\Java\jdk1.8.0_181\jre\lib\rt.jar]
[Loaded java.text.MessageFormat from C:\software\Java\jdk1.8.0_181\jre\lib\rt.jar]
[Loaded java.util.Locale$Category from C:\software\Java\jdk1.8.0_181\jre\lib\rt.jar]
[Loaded java.util.Locale$1 from C:\software\Java\jdk1.8.0_181\jre\lib\rt.jar]
[Loaded java.text.FieldPosition from C:\software\Java\jdk1.8.0_181\jre\lib\rt.jar]
[Loaded java.util.Date from C:\software\Java\jdk1.8.0_181\jre\lib\rt.jar]
[Loaded java.text.AttributedCharacterIterator$Attribute from C:\software\Java\jdk1.8.0_181\jre\lib\rt.jar]
[Loaded java.text.Format$Field from C:\software\Java\jdk1.8.0_181\jre\lib\rt.jar]
[Loaded java.text.MessageFormat$Field from C:\software\Java\jdk1.8.0_181\jre\lib\rt.jar]
[Loaded java.lang.Shutdown from C:\software\Java\jdk1.8.0_181\jre\lib\rt.jar]
[Loaded java.lang.Shutdown$Lock from C:\software\Java\jdk1.8.0_181\jre\lib\rt.jar]
