Apache Maven 3.5.4 (1edded0938998edf8bf061f1ceb3cfdeccf443fe; 2018-06-17T20:33:14+02:00)
Maven home: C:\software\apache-maven\bin\..
Java version: 1.8.0_161, vendor: Oracle Corporation, runtime: C:\software\JDK8\jre
Default locale: fr_FR, platform encoding: Cp1252
OS name: "windows 7", version: "6.1", arch: "amd64", family: "windows"
[DEBUG] Created new class realm maven.api
[DEBUG] Importing foreign packages into class realm maven.api
[DEBUG]   Imported: javax.annotation.* < plexus.core
[DEBUG]   Imported: javax.annotation.security.* < plexus.core
[DEBUG]   Imported: javax.enterprise.inject.* < plexus.core
[DEBUG]   Imported: javax.enterprise.util.* < plexus.core
[DEBUG]   Imported: javax.inject.* < plexus.core
[DEBUG]   Imported: org.apache.maven.* < plexus.core
[DEBUG]   Imported: org.apache.maven.artifact < plexus.core
[DEBUG]   Imported: org.apache.maven.classrealm < plexus.core
[DEBUG]   Imported: org.apache.maven.cli < plexus.core
[DEBUG]   Imported: org.apache.maven.configuration < plexus.core
[DEBUG]   Imported: org.apache.maven.exception < plexus.core
[DEBUG]   Imported: org.apache.maven.execution < plexus.core
[DEBUG]   Imported: org.apache.maven.execution.scope < plexus.core
[DEBUG]   Imported: org.apache.maven.lifecycle < plexus.core
[DEBUG]   Imported: org.apache.maven.model < plexus.core
[DEBUG]   Imported: org.apache.maven.monitor < plexus.core
[DEBUG]   Imported: org.apache.maven.plugin < plexus.core
[DEBUG]   Imported: org.apache.maven.profiles < plexus.core
[DEBUG]   Imported: org.apache.maven.project < plexus.core
[DEBUG]   Imported: org.apache.maven.reporting < plexus.core
[DEBUG]   Imported: org.apache.maven.repository < plexus.core
[DEBUG]   Imported: org.apache.maven.rtinfo < plexus.core
[DEBUG]   Imported: org.apache.maven.settings < plexus.core
[DEBUG]   Imported: org.apache.maven.toolchain < plexus.core
[DEBUG]   Imported: org.apache.maven.usability < plexus.core
[DEBUG]   Imported: org.apache.maven.wagon.* < plexus.core
[DEBUG]   Imported: org.apache.maven.wagon.authentication < plexus.core
[DEBUG]   Imported: org.apache.maven.wagon.authorization < plexus.core
[DEBUG]   Imported: org.apache.maven.wagon.events < plexus.core
[DEBUG]   Imported: org.apache.maven.wagon.observers < plexus.core
[DEBUG]   Imported: org.apache.maven.wagon.proxy < plexus.core
[DEBUG]   Imported: org.apache.maven.wagon.repository < plexus.core
[DEBUG]   Imported: org.apache.maven.wagon.resource < plexus.core
[DEBUG]   Imported: org.codehaus.classworlds < plexus.core
[DEBUG]   Imported: org.codehaus.plexus.* < plexus.core
[DEBUG]   Imported: org.codehaus.plexus.classworlds < plexus.core
[DEBUG]   Imported: org.codehaus.plexus.component < plexus.core
[DEBUG]   Imported: org.codehaus.plexus.configuration < plexus.core
[DEBUG]   Imported: org.codehaus.plexus.container < plexus.core
[DEBUG]   Imported: org.codehaus.plexus.context < plexus.core
[DEBUG]   Imported: org.codehaus.plexus.lifecycle < plexus.core
[DEBUG]   Imported: org.codehaus.plexus.logging < plexus.core
[DEBUG]   Imported: org.codehaus.plexus.personality < plexus.core
[DEBUG]   Imported: org.codehaus.plexus.util.xml.Xpp3Dom < plexus.core
[DEBUG]   Imported: org.codehaus.plexus.util.xml.pull.XmlPullParser < plexus.core
[DEBUG]   Imported: org.codehaus.plexus.util.xml.pull.XmlPullParserException < plexus.core
[DEBUG]   Imported: org.codehaus.plexus.util.xml.pull.XmlSerializer < plexus.core
[DEBUG]   Imported: org.eclipse.aether.* < plexus.core
[DEBUG]   Imported: org.eclipse.aether.artifact < plexus.core
[DEBUG]   Imported: org.eclipse.aether.collection < plexus.core
[DEBUG]   Imported: org.eclipse.aether.deployment < plexus.core
[DEBUG]   Imported: org.eclipse.aether.graph < plexus.core
[DEBUG]   Imported: org.eclipse.aether.impl < plexus.core
[DEBUG]   Imported: org.eclipse.aether.installation < plexus.core
[DEBUG]   Imported: org.eclipse.aether.internal.impl < plexus.core
[DEBUG]   Imported: org.eclipse.aether.metadata < plexus.core
[DEBUG]   Imported: org.eclipse.aether.repository < plexus.core
[DEBUG]   Imported: org.eclipse.aether.resolution < plexus.core
[DEBUG]   Imported: org.eclipse.aether.spi < plexus.core
[DEBUG]   Imported: org.eclipse.aether.transfer < plexus.core
[DEBUG]   Imported: org.eclipse.aether.version < plexus.core
[DEBUG]   Imported: org.fusesource.jansi.* < plexus.core
[DEBUG]   Imported: org.slf4j.* < plexus.core
[DEBUG]   Imported: org.slf4j.helpers.* < plexus.core
[DEBUG]   Imported: org.slf4j.spi.* < plexus.core
[DEBUG] Populating class realm maven.api
[INFO] Error stacktraces are turned on.
[DEBUG] Message scheme: color
[DEBUG] Message styles: debug info warning error success failure strong mojo project
[DEBUG] Reading global settings from C:\software\apache-maven\bin\..\conf\settings.xml
[DEBUG] Reading user settings from C:\Users\Tcharou\.m2\settings.xml
[DEBUG] Reading global toolchains from C:\software\apache-maven\bin\..\conf\toolchains.xml
[DEBUG] Reading user toolchains from C:\Users\Tcharou\.m2\toolchains.xml
[DEBUG] Using local repository at C:\Users\Tcharou\.m2\repository
[DEBUG] Using manager EnhancedLocalRepositoryManager with priority 10.0 for C:\Users\Tcharou\.m2\repository
[INFO] Scanning for projects...
[DEBUG] Extension realms for project org.apache.maven:standalone-pom:pom:1: (none)
[DEBUG] Looking up lifecycle mappings for packaging pom from ClassRealm[plexus.core, parent: null]
[DEBUG] Resolving plugin prefix archetype from [org.apache.maven.plugins, org.codehaus.mojo]
[DEBUG] Could not find metadata org.apache.maven.plugins/maven-metadata.xml in local (C:\Users\Tcharou\.m2\repository)
[DEBUG] Skipped remote request for org.apache.maven.plugins/maven-metadata.xml, locally cached metadata up-to-date.
[DEBUG] Could not find metadata org.codehaus.mojo/maven-metadata.xml in local (C:\Users\Tcharou\.m2\repository)
[DEBUG] Skipped remote request for org.codehaus.mojo/maven-metadata.xml, locally cached metadata up-to-date.
[DEBUG] Resolved plugin prefix archetype to org.apache.maven.plugins:maven-archetype-plugin from repository central
[DEBUG] Could not find metadata org.apache.maven.plugins:maven-archetype-plugin/maven-metadata.xml in local (C:\Users\Tcharou\.m2\repository)
[DEBUG] Skipped remote request for org.apache.maven.plugins:maven-archetype-plugin/maven-metadata.xml, locally cached metadata up-to-date.
[DEBUG] Resolved plugin version for org.apache.maven.plugins:maven-archetype-plugin to 3.0.1 from repository central (https://repo.maven.apache.org/maven2, default, releases)
[DEBUG] === REACTOR BUILD PLAN ================================================
[DEBUG] Project: org.apache.maven:standalone-pom:pom:1
[DEBUG] Tasks:   [archetype:generate]
[DEBUG] Style:   Aggregating
[DEBUG] =======================================================================
[INFO] 
[INFO] ------------------< org.apache.maven:standalone-pom >-------------------
[INFO] Building Maven Stub Project (No POM) 1
[INFO] --------------------------------[ pom ]---------------------------------
[DEBUG] Resolving plugin prefix archetype from [org.apache.maven.plugins, org.codehaus.mojo]
[DEBUG] Could not find metadata org.apache.maven.plugins/maven-metadata.xml in local (C:\Users\Tcharou\.m2\repository)
[DEBUG] Skipped remote request for org.apache.maven.plugins/maven-metadata.xml, locally cached metadata up-to-date.
[DEBUG] Could not find metadata org.codehaus.mojo/maven-metadata.xml in local (C:\Users\Tcharou\.m2\repository)
[DEBUG] Skipped remote request for org.codehaus.mojo/maven-metadata.xml, locally cached metadata up-to-date.
[DEBUG] Resolved plugin prefix archetype to org.apache.maven.plugins:maven-archetype-plugin from repository central
[DEBUG] Could not find metadata org.apache.maven.plugins:maven-archetype-plugin/maven-metadata.xml in local (C:\Users\Tcharou\.m2\repository)
[DEBUG] Skipped remote request for org.apache.maven.plugins:maven-archetype-plugin/maven-metadata.xml, locally cached metadata up-to-date.
[DEBUG] Resolved plugin version for org.apache.maven.plugins:maven-archetype-plugin to 3.0.1 from repository central (https://repo.maven.apache.org/maven2, default, releases)
[DEBUG] Lifecycle default -> [validate, initialize, generate-sources, process-sources, generate-resources, process-resources, compile, process-classes, generate-test-sources, process-test-sources, generate-test-resources, process-test-resources, test-compile, process-test-classes, test, prepare-package, package, pre-integration-test, integration-test, post-integration-test, verify, install, deploy]
[DEBUG] Lifecycle clean -> [pre-clean, clean, post-clean]
[DEBUG] Lifecycle site -> [pre-site, site, post-site, site-deploy]
[DEBUG] Lifecycle default -> [validate, initialize, generate-sources, process-sources, generate-resources, process-resources, compile, process-classes, generate-test-sources, process-test-sources, generate-test-resources, process-test-resources, test-compile, process-test-classes, test, prepare-package, package, pre-integration-test, integration-test, post-integration-test, verify, install, deploy]
[DEBUG] Lifecycle clean -> [pre-clean, clean, post-clean]
[DEBUG] Lifecycle site -> [pre-site, site, post-site, site-deploy]
[DEBUG] === PROJECT BUILD PLAN ================================================
[DEBUG] Project:       org.apache.maven:standalone-pom:1
[DEBUG] Dependencies (collect): []
[DEBUG] Dependencies (resolve): []
[DEBUG] Repositories (dependencies): [central (https://repo.maven.apache.org/maven2, default, releases)]
[DEBUG] Repositories (plugins)     : [central (https://repo.maven.apache.org/maven2, default, releases)]
[DEBUG] --- init fork of org.apache.maven:standalone-pom:1 for org.apache.maven.plugins:maven-archetype-plugin:3.0.1:generate (default-cli) ---
[DEBUG] Dependencies (collect): []
[DEBUG] Dependencies (resolve): []
[DEBUG] --- exit fork of org.apache.maven:standalone-pom:1 for org.apache.maven.plugins:maven-archetype-plugin:3.0.1:generate (default-cli) ---
[DEBUG] -----------------------------------------------------------------------
[DEBUG] Goal:          org.apache.maven.plugins:maven-archetype-plugin:3.0.1:generate (default-cli)
[DEBUG] Style:         Regular
[DEBUG] Configuration: <?xml version="1.0" encoding="UTF-8"?>
<configuration>
  <archetypeArtifactId>${archetypeArtifactId}</archetypeArtifactId>
  <archetypeCatalog default-value="remote,local">${archetypeCatalog}</archetypeCatalog>
  <archetypeGroupId>${archetypeGroupId}</archetypeGroupId>
  <archetypeVersion>${archetypeVersion}</archetypeVersion>
  <basedir default-value="${basedir}"/>
  <filter>${filter}</filter>
  <goals>${goals}</goals>
  <interactiveMode default-value="${settings.interactiveMode}">${interactiveMode}</interactiveMode>
  <localRepository default-value="${localRepository}"/>
  <remoteArtifactRepositories default-value="${project.remoteArtifactRepositories}"/>
  <session default-value="${session}"/>
</configuration>
[DEBUG] =======================================================================
[INFO] 
[INFO] >>> maven-archetype-plugin:3.0.1:generate (default-cli) > generate-sources @ standalone-pom >>>
[INFO] 
[INFO] <<< maven-archetype-plugin:3.0.1:generate (default-cli) < generate-sources @ standalone-pom <<<
[INFO] 
[INFO] 
[INFO] --- maven-archetype-plugin:3.0.1:generate (default-cli) @ standalone-pom ---
[DEBUG] Dependency collection stats: {ConflictMarker.analyzeTime=1964794, ConflictMarker.markTime=1199939, ConflictMarker.nodeCount=125, ConflictIdSorter.graphTime=1426629, ConflictIdSorter.topsortTime=867937, ConflictIdSorter.conflictIdCount=54, ConflictIdSorter.conflictIdCycleCount=0, ConflictResolver.totalTime=13047609, ConflictResolver.conflictItemCount=124, DefaultDependencyCollector.collectTime=726384426, DefaultDependencyCollector.transformTime=22400351}
[DEBUG] org.apache.maven.plugins:maven-archetype-plugin:jar:3.0.1:
[DEBUG]    org.apache.maven.archetype:archetype-catalog:jar:3.0.1:compile
[DEBUG]    org.apache.maven.archetype:archetype-descriptor:jar:3.0.1:compile
[DEBUG]    org.apache.maven.archetype:archetype-common:jar:3.0.1:compile
[DEBUG]       net.sourceforge.jchardet:jchardet:jar:1.0:compile
[DEBUG]       org.codehaus.plexus:plexus-component-annotations:jar:1.6:compile
[DEBUG]       dom4j:dom4j:jar:1.6.1:compile
[DEBUG]          xml-apis:xml-apis:jar:1.0.b2:compile
[DEBUG]       jdom:jdom:jar:1.0:compile
[DEBUG]       org.apache.maven:maven-artifact:jar:3.0:compile
[DEBUG]       org.apache.maven:maven-settings-builder:jar:3.0:compile
[DEBUG]       commons-io:commons-io:jar:2.2:compile
[DEBUG]       org.codehaus.plexus:plexus-velocity:jar:1.1.8:compile
[DEBUG]       org.apache.velocity:velocity:jar:1.7:compile
[DEBUG]          commons-lang:commons-lang:jar:2.4:compile
[DEBUG]       org.apache.maven.wagon:wagon-provider-api:jar:2.8:compile
[DEBUG]       org.codehaus.groovy:groovy:jar:1.8.3:compile
[DEBUG]          antlr:antlr:jar:2.7.7:compile
[DEBUG]          asm:asm:jar:3.2:compile
[DEBUG]          asm:asm-commons:jar:3.2:compile
[DEBUG]          asm:asm-util:jar:3.2:compile
[DEBUG]          asm:asm-analysis:jar:3.2:compile
[DEBUG]          asm:asm-tree:jar:3.2:compile
[DEBUG]    org.codehaus.plexus:plexus-utils:jar:3.0.21:compile
[DEBUG]    org.codehaus.plexus:plexus-interactivity-api:jar:1.0-alpha-6:compile
[DEBUG]    org.apache.maven:maven-plugin-api:jar:3.0:compile
[DEBUG]       org.sonatype.sisu:sisu-inject-plexus:jar:1.4.2:compile
[DEBUG]          org.sonatype.sisu:sisu-inject-bean:jar:1.4.2:compile
[DEBUG]             org.sonatype.sisu:sisu-guice:jar:noaop:2.1.7:compile
[DEBUG]    org.apache.maven:maven-core:jar:3.0:compile
[DEBUG]       org.apache.maven:maven-repository-metadata:jar:3.0:compile
[DEBUG]       org.apache.maven:maven-model-builder:jar:3.0:compile
[DEBUG]       org.apache.maven:maven-aether-provider:jar:3.0:runtime
[DEBUG]       org.sonatype.aether:aether-impl:jar:1.7:compile
[DEBUG]          org.sonatype.aether:aether-spi:jar:1.7:compile
[DEBUG]       org.sonatype.aether:aether-api:jar:1.7:compile
[DEBUG]       org.sonatype.aether:aether-util:jar:1.7:compile
[DEBUG]       org.codehaus.plexus:plexus-interpolation:jar:1.14:compile
[DEBUG]       org.codehaus.plexus:plexus-classworlds:jar:2.2.3:compile
[DEBUG]       org.sonatype.plexus:plexus-sec-dispatcher:jar:1.3:compile
[DEBUG]          org.sonatype.plexus:plexus-cipher:jar:1.4:compile
[DEBUG]    org.apache.maven:maven-model:jar:3.0:compile
[DEBUG]    org.apache.maven:maven-settings:jar:3.0:compile
[DEBUG]    org.apache.maven.shared:maven-invoker:jar:2.2:compile
[DEBUG]    org.apache.maven.shared:maven-artifact-transfer:jar:0.9.0:compile
[DEBUG]       org.apache.maven.shared:maven-common-artifact-filters:jar:3.0.0:compile
[DEBUG]          org.apache.maven.shared:maven-shared-utils:jar:3.0.0:compile
[DEBUG]             com.google.code.findbugs:jsr305:jar:2.0.1:compile
[DEBUG]       commons-codec:commons-codec:jar:1.6:compile
[DEBUG]       org.slf4j:slf4j-api:jar:1.7.5:compile
[DEBUG]    commons-collections:commons-collections:jar:3.2.1:compile
[DEBUG]    org.apache.maven.shared:maven-script-interpreter:jar:1.0:compile
[DEBUG]       org.beanshell:bsh:jar:2.0b4:compile
[DEBUG]       org.apache.ant:ant:jar:1.8.1:compile
[DEBUG] Created new class realm plugin>org.apache.maven.plugins:maven-archetype-plugin:3.0.1
[DEBUG] Importing foreign packages into class realm plugin>org.apache.maven.plugins:maven-archetype-plugin:3.0.1
[DEBUG]   Imported:  < maven.api
[DEBUG] Populating class realm plugin>org.apache.maven.plugins:maven-archetype-plugin:3.0.1
[DEBUG]   Included: org.apache.maven.plugins:maven-archetype-plugin:jar:3.0.1
[DEBUG]   Included: org.apache.maven.archetype:archetype-catalog:jar:3.0.1
[DEBUG]   Included: org.apache.maven.archetype:archetype-descriptor:jar:3.0.1
[DEBUG]   Included: org.apache.maven.archetype:archetype-common:jar:3.0.1
[DEBUG]   Included: net.sourceforge.jchardet:jchardet:jar:1.0
[DEBUG]   Included: org.codehaus.plexus:plexus-component-annotations:jar:1.6
[DEBUG]   Included: dom4j:dom4j:jar:1.6.1
[DEBUG]   Included: xml-apis:xml-apis:jar:1.0.b2
[DEBUG]   Included: jdom:jdom:jar:1.0
[DEBUG]   Included: commons-io:commons-io:jar:2.2
[DEBUG]   Included: org.codehaus.plexus:plexus-velocity:jar:1.1.8
[DEBUG]   Included: org.apache.velocity:velocity:jar:1.7
[DEBUG]   Included: commons-lang:commons-lang:jar:2.4
[DEBUG]   Included: org.codehaus.groovy:groovy:jar:1.8.3
[DEBUG]   Included: antlr:antlr:jar:2.7.7
[DEBUG]   Included: asm:asm:jar:3.2
[DEBUG]   Included: asm:asm-commons:jar:3.2
[DEBUG]   Included: asm:asm-util:jar:3.2
[DEBUG]   Included: asm:asm-analysis:jar:3.2
[DEBUG]   Included: asm:asm-tree:jar:3.2
[DEBUG]   Included: org.codehaus.plexus:plexus-utils:jar:3.0.21
[DEBUG]   Included: org.codehaus.plexus:plexus-interactivity-api:jar:1.0-alpha-6
[DEBUG]   Included: org.sonatype.sisu:sisu-inject-bean:jar:1.4.2
[DEBUG]   Included: org.sonatype.sisu:sisu-guice:jar:noaop:2.1.7
[DEBUG]   Included: org.sonatype.aether:aether-util:jar:1.7
[DEBUG]   Included: org.codehaus.plexus:plexus-interpolation:jar:1.14
[DEBUG]   Included: org.sonatype.plexus:plexus-sec-dispatcher:jar:1.3
[DEBUG]   Included: org.sonatype.plexus:plexus-cipher:jar:1.4
[DEBUG]   Included: org.apache.maven.shared:maven-invoker:jar:2.2
[DEBUG]   Included: org.apache.maven.shared:maven-artifact-transfer:jar:0.9.0
[DEBUG]   Included: org.apache.maven.shared:maven-common-artifact-filters:jar:3.0.0
[DEBUG]   Included: org.apache.maven.shared:maven-shared-utils:jar:3.0.0
[DEBUG]   Included: com.google.code.findbugs:jsr305:jar:2.0.1
[DEBUG]   Included: commons-codec:commons-codec:jar:1.6
[DEBUG]   Included: commons-collections:commons-collections:jar:3.2.1
[DEBUG]   Included: org.apache.maven.shared:maven-script-interpreter:jar:1.0
[DEBUG]   Included: org.beanshell:bsh:jar:2.0b4
[DEBUG]   Included: org.apache.ant:ant:jar:1.8.1
[DEBUG] Configuring mojo org.apache.maven.plugins:maven-archetype-plugin:3.0.1:generate from plugin realm ClassRealm[plugin>org.apache.maven.plugins:maven-archetype-plugin:3.0.1, parent: sun.misc.Launcher$AppClassLoader@33909752]
[DEBUG] Setting property: classpath.resource.loader.class => 'org.codehaus.plexus.velocity.ContextClassLoaderResourceLoader'.
[DEBUG] Setting property: site.resource.loader.class => 'org.codehaus.plexus.velocity.SiteResourceLoader'.
[DEBUG] Setting property: velocimacro.messages.on => 'false'.
[DEBUG] Setting property: resource.loader => 'classpath,site'.
[DEBUG] Setting property: runtime.log.invalid.references => 'false'.
[DEBUG] Setting property: resource.manager.logwhenfound => 'false'.
[DEBUG] Initializing Velocity, Calling init()...
[DEBUG] *******************************************************************
[DEBUG] Starting Apache Velocity v1.7 (compiled: 2010-11-19 12:14:37)
[DEBUG] RuntimeInstance initializing.
[DEBUG] Default Properties File: org\apache\velocity\runtime\defaults\velocity.properties
[DEBUG] LogSystem has been deprecated. Please use a LogChute implementation.
[DEBUG] Default ResourceManager initializing. (class org.apache.velocity.runtime.resource.ResourceManagerImpl)
[DEBUG] ResourceLoader instantiated: org.codehaus.plexus.velocity.ContextClassLoaderResourceLoader
[DEBUG] ResourceLoader instantiated: org.codehaus.plexus.velocity.SiteResourceLoader
[DEBUG] ResourceCache: initialized (class org.apache.velocity.runtime.resource.ResourceCacheImpl) with class java.util.Collections$SynchronizedMap cache map.
[DEBUG] Default ResourceManager initialization complete.
[DEBUG] Loaded System Directive: org.apache.velocity.runtime.directive.Stop
[DEBUG] Loaded System Directive: org.apache.velocity.runtime.directive.Define
[DEBUG] Loaded System Directive: org.apache.velocity.runtime.directive.Break
[DEBUG] Loaded System Directive: org.apache.velocity.runtime.directive.Evaluate
[DEBUG] Loaded System Directive: org.apache.velocity.runtime.directive.Literal
[DEBUG] Loaded System Directive: org.apache.velocity.runtime.directive.Macro
[DEBUG] Loaded System Directive: org.apache.velocity.runtime.directive.Parse
[DEBUG] Loaded System Directive: org.apache.velocity.runtime.directive.Include
[DEBUG] Loaded System Directive: org.apache.velocity.runtime.directive.Foreach
[DEBUG] Created '20' parsers.
[DEBUG] Velocimacro : initialization starting.
[DEBUG] Velocimacro : allowInline = true : VMs can be defined inline in templates
[DEBUG] Velocimacro : allowInlineToOverride = false : VMs defined inline may NOT replace previous VM definitions
[DEBUG] Velocimacro : allowInlineLocal = false : VMs defined inline will be global in scope if allowed.
[DEBUG] Velocimacro : autoload off : VM system will not automatically reload global library macros
[DEBUG] Velocimacro : Velocimacro : initialization complete.
[DEBUG] RuntimeInstance successfully initialized.
[DEBUG] Configuring mojo 'org.apache.maven.plugins:maven-archetype-plugin:3.0.1:generate' with basic configurator -->
[DEBUG]   (f) archetypeArtifactId = maven-archetype-quickstart
[DEBUG]   (f) archetypeCatalog = remote,local
[DEBUG]   (f) archetypeGroupId = org.apache.maven.archetypes
[DEBUG]   (f) archetypeVersion = 1.1
[DEBUG]   (f) basedir = D:\03-DEVLOPM\22-GestionDeDependances\22-02-ProjetsMultiModules
[DEBUG]   (f) interactiveMode = false
[DEBUG]   (f) localRepository =       id: local
      url: file:///C:/Users/Tcharou/.m2/repository/
   layout: default
snapshots: [enabled => true, update => always]
 releases: [enabled => true, update => always]

[DEBUG]   (f) remoteArtifactRepositories = [      id: central
      url: https://repo.maven.apache.org/maven2
   layout: default
snapshots: [enabled => false, update => daily]
 releases: [enabled => true, update => daily]
]
[DEBUG]   (f) session = org.apache.maven.execution.MavenSession@6b7d1df8
[DEBUG] -- end configuration --
[INFO] Generating project in Batch mode
[DEBUG] Searching for remote catalog: https://repo.maven.apache.org/maven2/archetype-catalog.xml
[DEBUG] Using catalog C:\Users\Tcharou\.m2\repository\archetype-catalog.xml
[INFO] Archetype repository not defined. Using the one from [org.apache.maven.archetypes:maven-archetype-quickstart:1.3] found in catalog remote
[DEBUG] Not found archetype org.apache.maven.archetypes:maven-archetype-quickstart:1.1 in cache
[DEBUG] Found archetype org.apache.maven.archetypes:maven-archetype-quickstart:1.1 in cache: C:\Users\Tcharou\.m2\repository\org\apache\maven\archetypes\maven-archetype-quickstart\1.1\maven-archetype-quickstart-1.1.jar
[DEBUG] checking fileset archetype status on C:\Users\Tcharou\.m2\repository\org\apache\maven\archetypes\maven-archetype-quickstart\1.1\maven-archetype-quickstart-1.1.jar
[DEBUG] Searching for META-INF/maven/archetype-metadata.xml inside C:\Users\Tcharou\.m2\repository\org\apache\maven\archetypes\maven-archetype-quickstart\1.1\maven-archetype-quickstart-1.1.jar
[DEBUG]   - META-INF/maven/archetype.xml
[DEBUG]   - META-INF/DEPENDENCIES
[DEBUG]   - META-INF/LICENSE
[DEBUG]   - META-INF/NOTICE
[DEBUG]   - archetype-resources/pom.xml
[DEBUG]   - archetype-resources/src/test/java/AppTest.java
[DEBUG]   - archetype-resources/src/main/java/App.java
[DEBUG] Found archetype org.apache.maven.archetypes:maven-archetype-quickstart:1.1 in cache: C:\Users\Tcharou\.m2\repository\org\apache\maven\archetypes\maven-archetype-quickstart\1.1\maven-archetype-quickstart-1.1.jar
[DEBUG] checking old archetype status on C:\Users\Tcharou\.m2\repository\org\apache\maven\archetypes\maven-archetype-quickstart\1.1\maven-archetype-quickstart-1.1.jar
[DEBUG] Searching for META-INF/maven/archetype.xml inside C:\Users\Tcharou\.m2\repository\org\apache\maven\archetypes\maven-archetype-quickstart\1.1\maven-archetype-quickstart-1.1.jar
[DEBUG]   - META-INF/maven/archetype.xml
[DEBUG] Entry found
[DEBUG] Found archetype org.apache.maven.archetypes:maven-archetype-quickstart:1.1 in cache: C:\Users\Tcharou\.m2\repository\org\apache\maven\archetypes\maven-archetype-quickstart\1.1\maven-archetype-quickstart-1.1.jar
[DEBUG] Searching for META-INF/maven/archetype.xml inside C:\Users\Tcharou\.m2\repository\org\apache\maven\archetypes\maven-archetype-quickstart\1.1\maven-archetype-quickstart-1.1.jar
[DEBUG]   - META-INF/maven/archetype.xml
[DEBUG] Entry found
[DEBUG] Creating ArchetypeConfiguration from legacy descriptor and Properties
[DEBUG] Adding requiredProperty groupId
[DEBUG] Setting property groupId=fr.afpa
[DEBUG] Adding requiredProperty artifactId
[DEBUG] Setting property artifactId=GestionDUtilisateurs-00
[DEBUG] Adding requiredProperty version
[DEBUG] Setting property version=1.0-SNAPSHOT
[DEBUG] Adding requiredProperty package
[DEBUG] Setting property package=fr.afpa
[DEBUG] Found archetype org.apache.maven.archetypes:maven-archetype-quickstart:1.1 in cache: C:\Users\Tcharou\.m2\repository\org\apache\maven\archetypes\maven-archetype-quickstart\1.1\maven-archetype-quickstart-1.1.jar
[DEBUG] Found archetype org.apache.maven.archetypes:maven-archetype-quickstart:1.1 in cache: C:\Users\Tcharou\.m2\repository\org\apache\maven\archetypes\maven-archetype-quickstart\1.1\maven-archetype-quickstart-1.1.jar
[DEBUG] checking fileset archetype status on C:\Users\Tcharou\.m2\repository\org\apache\maven\archetypes\maven-archetype-quickstart\1.1\maven-archetype-quickstart-1.1.jar
[DEBUG] Searching for META-INF/maven/archetype-metadata.xml inside C:\Users\Tcharou\.m2\repository\org\apache\maven\archetypes\maven-archetype-quickstart\1.1\maven-archetype-quickstart-1.1.jar
[DEBUG]   - META-INF/maven/archetype.xml
[DEBUG]   - META-INF/DEPENDENCIES
[DEBUG]   - META-INF/LICENSE
[DEBUG]   - META-INF/NOTICE
[DEBUG]   - archetype-resources/pom.xml
[DEBUG]   - archetype-resources/src/test/java/AppTest.java
[DEBUG]   - archetype-resources/src/main/java/App.java
[DEBUG] checking old archetype status on C:\Users\Tcharou\.m2\repository\org\apache\maven\archetypes\maven-archetype-quickstart\1.1\maven-archetype-quickstart-1.1.jar
[DEBUG] Searching for META-INF/maven/archetype.xml inside C:\Users\Tcharou\.m2\repository\org\apache\maven\archetypes\maven-archetype-quickstart\1.1\maven-archetype-quickstart-1.1.jar
[DEBUG]   - META-INF/maven/archetype.xml
[DEBUG] Entry found
[INFO] ----------------------------------------------------------------------------
[INFO] Using following parameters for creating project from Old (1.x) Archetype: maven-archetype-quickstart:1.1
[INFO] ----------------------------------------------------------------------------
[INFO] Parameter: basedir, Value: D:\03-DEVLOPM\22-GestionDeDependances\22-02-ProjetsMultiModules
[INFO] Parameter: package, Value: fr.afpa
[INFO] Parameter: groupId, Value: fr.afpa
[INFO] Parameter: artifactId, Value: GestionDUtilisateurs-00
[INFO] Parameter: packageName, Value: fr.afpa
[INFO] Parameter: version, Value: 1.0-SNAPSHOT
[DEBUG] ********************* Debug info for resources created from generated Model ***********************
[DEBUG] Was build element found in generated POM?: false
[DEBUG] ********************* End of debug info from resources from generated POM ***********************
[INFO] project created from Old (1.x) Archetype in dir: D:\03-DEVLOPM\22-GestionDeDependances\22-02-ProjetsMultiModules\GestionDUtilisateurs-00
[INFO] ------------------------------------------------------------------------
[INFO] BUILD SUCCESS
[INFO] ------------------------------------------------------------------------
[INFO] Total time: 7.473 s
[INFO] Finished at: 2018-07-30T21:45:45+02:00
[INFO] ------------------------------------------------------------------------
